<?xml version="1.0" encoding="UTF-8"?>
<testsuite xmlns:xsi="http://www.w3.org/2001/XMLSchema-instance" xsi:noNamespaceSchemaLocation="https://maven.apache.org/surefire/maven-surefire-plugin/xsd/surefire-test-report-3.0.xsd" version="3.0" name="com.magdemy.travelark.TravelarkApplicationTests" time="8.358" tests="1" errors="0" skipped="0" failures="0">
  <properties>
[...]
</properties>
  <testcase name="contextLoads" classname="com.magdemy.travelark.TravelarkApplicationTests" time="1.902">
    <system-out><![CDATA[10:58:22.346 [main] INFO org.springframework.test.context.support.AnnotationConfigContextLoaderUtils -- Could not detect default configuration classes for test class [com.magdemy.travelark.TravelarkApplicationTests]: TravelarkApplicationTests does not declare any static, non-private, non-final, nested classes annotated with @Configuration.
10:58:22.559 [main] INFO org.springframework.boot.test.context.SpringBootTestContextBootstrapper -- Found @SpringBootConfiguration com.magdemy.travelark.TravelarkApplication for test class com.magdemy.travelark.TravelarkApplicationTests

  .   ____          _            __ _ _
 /\\ / ___'_ __ _ _(_)_ __  __ _ \ \ \ \
( ( )\___ | '_ | '_| | '_ \/ _` | \ \ \ \
 \\/  ___)| |_)| | | | | || (_| |  ) ) ) )
  '  |____| .__|_| |_|_| |_\__, | / / / /
 =========|_|==============|___/=/_/_/_/
 :: Spring Boot ::                (v3.2.3)

2024-03-21T10:58:23.437+05:30  INFO 7567 --- [           main] c.m.travelark.TravelarkApplicationTests  : Starting TravelarkApplicationTests using Java 17.0.10 with PID 7567 (started by yogeshpdy in /home/yogeshpdy/IdeaProjects/travelark)
2024-03-21T10:58:23.440+05:30  INFO 7567 --- [           main] c.m.travelark.TravelarkApplicationTests  : No active profile set, falling back to 1 default profile: "default"
2024-03-21T10:58:24.942+05:30  INFO 7567 --- [           main] .s.d.r.c.RepositoryConfigurationDelegate : Bootstrapping Spring Data MongoDB repositories in DEFAULT mode.
2024-03-21T10:58:25.031+05:30  INFO 7567 --- [           main] .s.d.r.c.RepositoryConfigurationDelegate : Finished Spring Data repository scanning in 79 ms. Found 2 MongoDB repository interfaces.
2024-03-21T10:58:25.998+05:30  INFO 7567 --- [           main] org.mongodb.driver.client                : MongoClient with metadata {"application": {"name": "Transport"}, "driver": {"name": "mongo-java-driver|sync|spring-boot", "version": "4.11.1"}, "os": {"type": "Linux", "name": "Linux", "architecture": "amd64", "version": "6.5.0-25-generic"}, "platform": "Java/Amazon.com Inc./17.0.10+8-LTS"} created with settings MongoClientSettings{readPreference=primary, writeConcern=WriteConcern{w=majority, wTimeout=null ms, journal=null}, retryWrites=true, retryReads=true, readConcern=ReadConcern{level=null}, credential=MongoCredential{mechanism=null, userName='yogeshpdy4', source='admin', password=<hidden>, mechanismProperties=<hidden>}, transportSettings=null, streamFactoryFactory=null, commandListeners=[], codecRegistry=ProvidersCodecRegistry{codecProviders=[ValueCodecProvider{}, BsonValueCodecProvider{}, DBRefCodecProvider{}, DBObjectCodecProvider{}, DocumentCodecProvider{}, CollectionCodecProvider{}, IterableCodecProvider{}, MapCodecProvider{}, GeoJsonCodecProvider{}, GridFSFileCodecProvider{}, Jsr310CodecProvider{}, JsonObjectCodecProvider{}, BsonCodecProvider{}, EnumCodecProvider{}, com.mongodb.client.model.mql.ExpressionCodecProvider@2f4b98f6, com.mongodb.Jep395RecordCodecProvider@421def93, com.mongodb.KotlinCodecProvider@58c1da09]}, loggerSettings=LoggerSettings{maxDocumentLength=1000}, clusterSettings={hosts=[127.0.0.1:27017], srvHost=transport.rdhqeu7.mongodb.net, srvServiceName=mongodb, mode=MULTIPLE, requiredClusterType=REPLICA_SET, requiredReplicaSetName='atlas-20fnz0-shard-0', serverSelector='null', clusterListeners='[]', serverSelectionTimeout='30000 ms', localThreshold='15 ms'}, socketSettings=SocketSettings{connectTimeoutMS=10000, readTimeoutMS=0, receiveBufferSize=0, proxySettings=ProxySettings{host=null, port=null, username=null, password=null}}, heartbeatSocketSettings=SocketSettings{connectTimeoutMS=10000, readTimeoutMS=10000, receiveBufferSize=0, proxySettings=ProxySettings{host=null, port=null, username=null, password=null}}, connectionPoolSettings=ConnectionPoolSettings{maxSize=100, minSize=0, maxWaitTimeMS=120000, maxConnectionLifeTimeMS=0, maxConnectionIdleTimeMS=0, maintenanceInitialDelayMS=0, maintenanceFrequencyMS=60000, connectionPoolListeners=[], maxConnecting=2}, serverSettings=ServerSettings{heartbeatFrequencyMS=10000, minHeartbeatFrequencyMS=500, serverListeners='[]', serverMonitorListeners='[]'}, sslSettings=SslSettings{enabled=true, invalidHostNameAllowed=false, context=null}, applicationName='Transport', compressorList=[], uuidRepresentation=JAVA_LEGACY, serverApi=null, autoEncryptionSettings=null, dnsClient=null, inetAddressResolver=null, contextProvider=null}
2024-03-21T10:58:26.015+05:30  INFO 7567 --- [eu7.mongodb.net] org.mongodb.driver.cluster               : Adding discovered server ac-a1c31v4-shard-00-02.rdhqeu7.mongodb.net:27017 to client view of cluster
2024-03-21T10:58:26.129+05:30  INFO 7567 --- [eu7.mongodb.net] org.mongodb.driver.cluster               : Adding discovered server ac-a1c31v4-shard-00-00.rdhqeu7.mongodb.net:27017 to client view of cluster
2024-03-21T10:58:26.166+05:30  INFO 7567 --- [eu7.mongodb.net] org.mongodb.driver.cluster               : Adding discovered server ac-a1c31v4-shard-00-01.rdhqeu7.mongodb.net:27017 to client view of cluster
2024-03-21T10:58:27.438+05:30  INFO 7567 --- [ngodb.net:27017] org.mongodb.driver.cluster               : Monitor thread successfully connected to server with description ServerDescription{address=ac-a1c31v4-shard-00-01.rdhqeu7.mongodb.net:27017, type=REPLICA_SET_PRIMARY, state=CONNECTED, ok=true, minWireVersion=0, maxWireVersion=21, maxDocumentSize=16777216, logicalSessionTimeoutMinutes=30, roundTripTimeNanos=657651845, setName='atlas-20fnz0-shard-0', canonicalAddress=ac-a1c31v4-shard-00-01.rdhqeu7.mongodb.net:27017, hosts=[ac-a1c31v4-shard-00-00.rdhqeu7.mongodb.net:27017, ac-a1c31v4-shard-00-01.rdhqeu7.mongodb.net:27017, ac-a1c31v4-shard-00-02.rdhqeu7.mongodb.net:27017], passives=[], arbiters=[], primary='ac-a1c31v4-shard-00-01.rdhqeu7.mongodb.net:27017', tagSet=TagSet{[Tag{name='availabilityZone', value='aps1-az3'}, Tag{name='diskState', value='READY'}, Tag{name='nodeType', value='ELECTABLE'}, Tag{name='provider', value='AWS'}, Tag{name='region', value='AP_SOUTH_1'}, Tag{name='workloadType', value='OPERATIONAL'}]}, electionId=7fffffff00000000000001d1, setVersion=15, topologyVersion=TopologyVersion{processId=65f9b794ccb55fb8dfcd2bab, counter=6}, lastWriteDate=Thu Mar 21 10:58:27 IST 2024, lastUpdateTimeNanos=3694776845803}
2024-03-21T10:58:27.444+05:30  INFO 7567 --- [ngodb.net:27017] org.mongodb.driver.cluster               : Monitor thread successfully connected to server with description ServerDescription{address=ac-a1c31v4-shard-00-00.rdhqeu7.mongodb.net:27017, type=REPLICA_SET_SECONDARY, state=CONNECTED, ok=true, minWireVersion=0, maxWireVersion=21, maxDocumentSize=16777216, logicalSessionTimeoutMinutes=30, roundTripTimeNanos=669322322, setName='atlas-20fnz0-shard-0', canonicalAddress=ac-a1c31v4-shard-00-00.rdhqeu7.mongodb.net:27017, hosts=[ac-a1c31v4-shard-00-00.rdhqeu7.mongodb.net:27017, ac-a1c31v4-shard-00-01.rdhqeu7.mongodb.net:27017, ac-a1c31v4-shard-00-02.rdhqeu7.mongodb.net:27017], passives=[], arbiters=[], primary='ac-a1c31v4-shard-00-01.rdhqeu7.mongodb.net:27017', tagSet=TagSet{[Tag{name='availabilityZone', value='aps1-az1'}, Tag{name='diskState', value='READY'}, Tag{name='nodeType', value='ELECTABLE'}, Tag{name='provider', value='AWS'}, Tag{name='region', value='AP_SOUTH_1'}, Tag{name='workloadType', value='OPERATIONAL'}]}, electionId=null, setVersion=15, topologyVersion=TopologyVersion{processId=65f9b7307dfec8ebc2fff3b2, counter=4}, lastWriteDate=Thu Mar 21 10:58:27 IST 2024, lastUpdateTimeNanos=3694772912423}
2024-03-21T10:58:27.446+05:30  INFO 7567 --- [ngodb.net:27017] org.mongodb.driver.cluster               : Discovered replica set primary ac-a1c31v4-shard-00-01.rdhqeu7.mongodb.net:27017 with max election id 7fffffff00000000000001d1 and max set version 15
2024-03-21T10:58:28.324+05:30  INFO 7567 --- [           main] c.m.travelark.TravelarkApplicationTests  : Started TravelarkApplicationTests in 5.431 seconds (process running for 7.962)
]]></system-out>
  </testcase>
</testsuite>